

================================================================
== Vivado HLS Report for 'compute_engine_16'
================================================================
* Date:           Thu Oct  1 19:25:44 2020

* Version:        2019.1 (Build 2552052 on Fri May 24 15:28:33 MDT 2019)
* Project:        mobilenet
* Solution:       solution1
* Product family: zynquplus
* Target device:  xczu9eg-ffvb1156-2-e


================================================================
== Performance Estimates
================================================================
+ Timing (ns): 
    * Summary: 
    +--------+-------+----------+------------+
    |  Clock | Target| Estimated| Uncertainty|
    +--------+-------+----------+------------+
    |ap_clk  |  10.00|     8.347|        1.25|
    +--------+-------+----------+------------+

+ Latency (clock cycles): 
    * Summary: 
    +-----+-----+-----+-----+----------+
    |  Latency  |  Interval | Pipeline |
    | min | max | min | max |   Type   |
    +-----+-----+-----+-----+----------+
    |    1|    1|    1|    1| function |
    +-----+-----+-----+-----+----------+

    + Detail: 
        * Instance: 
        N/A

        * Loop: 
        N/A



================================================================
== Utilization Estimates
================================================================
* Summary: 
+-----------------+---------+-------+--------+--------+-----+
|       Name      | BRAM_18K| DSP48E|   FF   |   LUT  | URAM|
+-----------------+---------+-------+--------+--------+-----+
|DSP              |        -|      -|       -|       -|    -|
|Expression       |        -|     32|       0|    6723|    -|
|FIFO             |        -|      -|       -|       -|    -|
|Instance         |        -|      -|       -|       -|    -|
|Memory           |        -|      -|       -|       -|    -|
|Multiplexer      |        -|      -|       -|       9|    -|
|Register         |        -|      -|     305|       -|    -|
+-----------------+---------+-------+--------+--------+-----+
|Total            |        0|     32|     305|    6732|    0|
+-----------------+---------+-------+--------+--------+-----+
|Available        |     1824|   2520|  548160|  274080|    0|
+-----------------+---------+-------+--------+--------+-----+
|Utilization (%)  |        0|      1|   ~0   |       2|    0|
+-----------------+---------+-------+--------+--------+-----+

+ Detail: 
    * Instance: 
    N/A

    * DSP48E: 
    N/A

    * Memory: 
    N/A

    * FIFO: 
    N/A

    * Expression: 
    +--------------------------------+----------+-------+---+----+------------+------------+
    |          Variable Name         | Operation| DSP48E| FF| LUT| Bitwidth P0| Bitwidth P1|
    +--------------------------------+----------+-------+---+----+------------+------------+
    |r_V_32_fu_310_p2                |     *    |      2|  0|  20|          32|          16|
    |r_V_33_fu_588_p2                |     *    |      2|  0|  20|          32|          16|
    |r_V_34_fu_866_p2                |     *    |      2|  0|  20|          32|          16|
    |r_V_35_fu_1144_p2               |     *    |      2|  0|  20|          32|          16|
    |r_V_36_fu_1422_p2               |     *    |      2|  0|  20|          32|          16|
    |r_V_37_fu_1700_p2               |     *    |      2|  0|  20|          32|          16|
    |r_V_38_fu_1978_p2               |     *    |      2|  0|  20|          32|          16|
    |r_V_39_fu_2256_p2               |     *    |      2|  0|  20|          32|          16|
    |r_V_40_fu_2534_p2               |     *    |      2|  0|  20|          32|          16|
    |r_V_41_fu_2812_p2               |     *    |      2|  0|  20|          32|          16|
    |r_V_42_fu_3090_p2               |     *    |      2|  0|  20|          32|          16|
    |r_V_43_fu_3368_p2               |     *    |      2|  0|  20|          32|          16|
    |r_V_44_fu_3646_p2               |     *    |      2|  0|  20|          32|          16|
    |r_V_45_fu_3924_p2               |     *    |      2|  0|  20|          32|          16|
    |r_V_46_fu_4202_p2               |     *    |      2|  0|  20|          32|          16|
    |r_V_47_fu_4480_p2               |     *    |      2|  0|  20|          32|          16|
    |p_Val2_103_fu_5518_p2           |     +    |      0|  0|  39|          32|          32|
    |p_Val2_107_fu_5608_p2           |     +    |      0|  0|  39|          32|          32|
    |p_Val2_111_fu_5698_p2           |     +    |      0|  0|  39|          32|          32|
    |p_Val2_115_fu_5788_p2           |     +    |      0|  0|  39|          32|          32|
    |p_Val2_119_fu_5878_p2           |     +    |      0|  0|  39|          32|          32|
    |p_Val2_123_fu_5968_p2           |     +    |      0|  0|  39|          32|          32|
    |p_Val2_18_fu_376_p2             |     +    |      0|  0|  39|          32|          32|
    |p_Val2_21_fu_654_p2             |     +    |      0|  0|  39|          32|          32|
    |p_Val2_24_fu_932_p2             |     +    |      0|  0|  39|          32|          32|
    |p_Val2_27_fu_1210_p2            |     +    |      0|  0|  39|          32|          32|
    |p_Val2_30_fu_1488_p2            |     +    |      0|  0|  39|          32|          32|
    |p_Val2_33_fu_1766_p2            |     +    |      0|  0|  39|          32|          32|
    |p_Val2_36_fu_2044_p2            |     +    |      0|  0|  39|          32|          32|
    |p_Val2_39_fu_2322_p2            |     +    |      0|  0|  39|          32|          32|
    |p_Val2_42_fu_2600_p2            |     +    |      0|  0|  39|          32|          32|
    |p_Val2_45_fu_2878_p2            |     +    |      0|  0|  39|          32|          32|
    |p_Val2_48_fu_3156_p2            |     +    |      0|  0|  39|          32|          32|
    |p_Val2_51_fu_3434_p2            |     +    |      0|  0|  39|          32|          32|
    |p_Val2_54_fu_3712_p2            |     +    |      0|  0|  39|          32|          32|
    |p_Val2_57_fu_3990_p2            |     +    |      0|  0|  39|          32|          32|
    |p_Val2_60_fu_4268_p2            |     +    |      0|  0|  39|          32|          32|
    |p_Val2_63_fu_4546_p2            |     +    |      0|  0|  39|          32|          32|
    |p_Val2_67_fu_4772_p2            |     +    |      0|  0|  39|          32|          32|
    |p_Val2_71_fu_4808_p2            |     +    |      0|  0|  39|          32|          32|
    |p_Val2_75_fu_4844_p2            |     +    |      0|  0|  39|          32|          32|
    |p_Val2_79_fu_4880_p2            |     +    |      0|  0|  39|          32|          32|
    |p_Val2_83_fu_4916_p2            |     +    |      0|  0|  39|          32|          32|
    |p_Val2_87_fu_4952_p2            |     +    |      0|  0|  39|          32|          32|
    |p_Val2_91_fu_4988_p2            |     +    |      0|  0|  39|          32|          32|
    |p_Val2_95_fu_5024_p2            |     +    |      0|  0|  39|          32|          32|
    |p_Val2_99_fu_5428_p2            |     +    |      0|  0|  39|          32|          32|
    |ret_V_10_fu_5594_p2             |     +    |      0|  0|  40|          33|          33|
    |ret_V_11_fu_5684_p2             |     +    |      0|  0|  40|          33|          33|
    |ret_V_12_fu_5774_p2             |     +    |      0|  0|  40|          33|          33|
    |ret_V_13_fu_5864_p2             |     +    |      0|  0|  40|          33|          33|
    |ret_V_14_fu_5954_p2             |     +    |      0|  0|  40|          33|          33|
    |ret_V_1_fu_4794_p2              |     +    |      0|  0|  40|          33|          33|
    |ret_V_2_fu_4830_p2              |     +    |      0|  0|  40|          33|          33|
    |ret_V_3_fu_4866_p2              |     +    |      0|  0|  40|          33|          33|
    |ret_V_4_fu_4902_p2              |     +    |      0|  0|  40|          33|          33|
    |ret_V_5_fu_4938_p2              |     +    |      0|  0|  40|          33|          33|
    |ret_V_6_fu_4974_p2              |     +    |      0|  0|  40|          33|          33|
    |ret_V_7_fu_5010_p2              |     +    |      0|  0|  40|          33|          33|
    |ret_V_8_fu_5414_p2              |     +    |      0|  0|  40|          33|          33|
    |ret_V_9_fu_5504_p2              |     +    |      0|  0|  40|          33|          33|
    |ret_V_fu_4758_p2                |     +    |      0|  0|  40|          33|          33|
    |and_ln406_10_fu_3146_p2         |    and   |      0|  0|   2|           1|           1|
    |and_ln406_11_fu_3424_p2         |    and   |      0|  0|   2|           1|           1|
    |and_ln406_12_fu_3702_p2         |    and   |      0|  0|   2|           1|           1|
    |and_ln406_13_fu_3980_p2         |    and   |      0|  0|   2|           1|           1|
    |and_ln406_14_fu_4258_p2         |    and   |      0|  0|   2|           1|           1|
    |and_ln406_15_fu_4536_p2         |    and   |      0|  0|   2|           1|           1|
    |and_ln406_1_fu_644_p2           |    and   |      0|  0|   2|           1|           1|
    |and_ln406_2_fu_922_p2           |    and   |      0|  0|   2|           1|           1|
    |and_ln406_3_fu_1200_p2          |    and   |      0|  0|   2|           1|           1|
    |and_ln406_4_fu_1478_p2          |    and   |      0|  0|   2|           1|           1|
    |and_ln406_5_fu_1756_p2          |    and   |      0|  0|   2|           1|           1|
    |and_ln406_6_fu_2034_p2          |    and   |      0|  0|   2|           1|           1|
    |and_ln406_7_fu_2312_p2          |    and   |      0|  0|   2|           1|           1|
    |and_ln406_8_fu_2590_p2          |    and   |      0|  0|   2|           1|           1|
    |and_ln406_9_fu_2868_p2          |    and   |      0|  0|   2|           1|           1|
    |and_ln406_fu_366_p2             |    and   |      0|  0|   2|           1|           1|
    |and_ln779_10_fu_1026_p2         |    and   |      0|  0|   2|           1|           1|
    |and_ln779_11_fu_1304_p2         |    and   |      0|  0|   2|           1|           1|
    |and_ln779_12_fu_1582_p2         |    and   |      0|  0|   2|           1|           1|
    |and_ln779_13_fu_1860_p2         |    and   |      0|  0|   2|           1|           1|
    |and_ln779_14_fu_2138_p2         |    and   |      0|  0|   2|           1|           1|
    |and_ln779_15_fu_2416_p2         |    and   |      0|  0|   2|           1|           1|
    |and_ln779_16_fu_2694_p2         |    and   |      0|  0|   2|           1|           1|
    |and_ln779_17_fu_2972_p2         |    and   |      0|  0|   2|           1|           1|
    |and_ln779_18_fu_3250_p2         |    and   |      0|  0|   2|           1|           1|
    |and_ln779_19_fu_3528_p2         |    and   |      0|  0|   2|           1|           1|
    |and_ln779_20_fu_3806_p2         |    and   |      0|  0|   2|           1|           1|
    |and_ln779_21_fu_4084_p2         |    and   |      0|  0|   2|           1|           1|
    |and_ln779_22_fu_4362_p2         |    and   |      0|  0|   2|           1|           1|
    |and_ln779_23_fu_4640_p2         |    and   |      0|  0|   2|           1|           1|
    |and_ln779_9_fu_748_p2           |    and   |      0|  0|   2|           1|           1|
    |and_ln779_fu_470_p2             |    and   |      0|  0|   2|           1|           1|
    |and_ln781_10_fu_1040_p2         |    and   |      0|  0|   2|           1|           1|
    |and_ln781_11_fu_1318_p2         |    and   |      0|  0|   2|           1|           1|
    |and_ln781_12_fu_1596_p2         |    and   |      0|  0|   2|           1|           1|
    |and_ln781_13_fu_1874_p2         |    and   |      0|  0|   2|           1|           1|
    |and_ln781_14_fu_2152_p2         |    and   |      0|  0|   2|           1|           1|
    |and_ln781_15_fu_2430_p2         |    and   |      0|  0|   2|           1|           1|
    |and_ln781_16_fu_2708_p2         |    and   |      0|  0|   2|           1|           1|
    |and_ln781_17_fu_2986_p2         |    and   |      0|  0|   2|           1|           1|
    |and_ln781_18_fu_3264_p2         |    and   |      0|  0|   2|           1|           1|
    |and_ln781_19_fu_3542_p2         |    and   |      0|  0|   2|           1|           1|
    |and_ln781_20_fu_3820_p2         |    and   |      0|  0|   2|           1|           1|
    |and_ln781_21_fu_4098_p2         |    and   |      0|  0|   2|           1|           1|
    |and_ln781_22_fu_4376_p2         |    and   |      0|  0|   2|           1|           1|
    |and_ln781_23_fu_4654_p2         |    and   |      0|  0|   2|           1|           1|
    |and_ln781_9_fu_762_p2           |    and   |      0|  0|   2|           1|           1|
    |and_ln781_fu_484_p2             |    and   |      0|  0|   2|           1|           1|
    |and_ln786_21_fu_792_p2          |    and   |      0|  0|   2|           1|           1|
    |and_ln786_23_fu_1070_p2         |    and   |      0|  0|   2|           1|           1|
    |and_ln786_25_fu_1348_p2         |    and   |      0|  0|   2|           1|           1|
    |and_ln786_27_fu_1626_p2         |    and   |      0|  0|   2|           1|           1|
    |and_ln786_29_fu_1904_p2         |    and   |      0|  0|   2|           1|           1|
    |and_ln786_31_fu_2182_p2         |    and   |      0|  0|   2|           1|           1|
    |and_ln786_33_fu_2460_p2         |    and   |      0|  0|   2|           1|           1|
    |and_ln786_35_fu_2738_p2         |    and   |      0|  0|   2|           1|           1|
    |and_ln786_37_fu_3016_p2         |    and   |      0|  0|   2|           1|           1|
    |and_ln786_39_fu_3294_p2         |    and   |      0|  0|   2|           1|           1|
    |and_ln786_41_fu_3572_p2         |    and   |      0|  0|   2|           1|           1|
    |and_ln786_43_fu_3850_p2         |    and   |      0|  0|   2|           1|           1|
    |and_ln786_45_fu_4128_p2         |    and   |      0|  0|   2|           1|           1|
    |and_ln786_47_fu_4406_p2         |    and   |      0|  0|   2|           1|           1|
    |and_ln786_49_fu_4684_p2         |    and   |      0|  0|   2|           1|           1|
    |and_ln786_fu_514_p2             |    and   |      0|  0|   2|           1|           1|
    |carry_10_fu_1508_p2             |    and   |      0|  0|   2|           1|           1|
    |carry_12_fu_1786_p2             |    and   |      0|  0|   2|           1|           1|
    |carry_14_fu_2064_p2             |    and   |      0|  0|   2|           1|           1|
    |carry_16_fu_2342_p2             |    and   |      0|  0|   2|           1|           1|
    |carry_18_fu_2620_p2             |    and   |      0|  0|   2|           1|           1|
    |carry_20_fu_2898_p2             |    and   |      0|  0|   2|           1|           1|
    |carry_22_fu_3176_p2             |    and   |      0|  0|   2|           1|           1|
    |carry_24_fu_3454_p2             |    and   |      0|  0|   2|           1|           1|
    |carry_26_fu_3732_p2             |    and   |      0|  0|   2|           1|           1|
    |carry_28_fu_4010_p2             |    and   |      0|  0|   2|           1|           1|
    |carry_2_fu_396_p2               |    and   |      0|  0|   2|           1|           1|
    |carry_30_fu_4288_p2             |    and   |      0|  0|   2|           1|           1|
    |carry_32_fu_4566_p2             |    and   |      0|  0|   2|           1|           1|
    |carry_4_fu_674_p2               |    and   |      0|  0|   2|           1|           1|
    |carry_6_fu_952_p2               |    and   |      0|  0|   2|           1|           1|
    |carry_8_fu_1230_p2              |    and   |      0|  0|   2|           1|           1|
    |overflow_10_fu_3288_p2          |    and   |      0|  0|   2|           1|           1|
    |overflow_11_fu_3566_p2          |    and   |      0|  0|   2|           1|           1|
    |overflow_12_fu_3844_p2          |    and   |      0|  0|   2|           1|           1|
    |overflow_13_fu_4122_p2          |    and   |      0|  0|   2|           1|           1|
    |overflow_14_fu_4400_p2          |    and   |      0|  0|   2|           1|           1|
    |overflow_15_fu_4678_p2          |    and   |      0|  0|   2|           1|           1|
    |overflow_1_fu_786_p2            |    and   |      0|  0|   2|           1|           1|
    |overflow_2_fu_1064_p2           |    and   |      0|  0|   2|           1|           1|
    |overflow_3_fu_1342_p2           |    and   |      0|  0|   2|           1|           1|
    |overflow_4_fu_1620_p2           |    and   |      0|  0|   2|           1|           1|
    |overflow_5_fu_1898_p2           |    and   |      0|  0|   2|           1|           1|
    |overflow_6_fu_2176_p2           |    and   |      0|  0|   2|           1|           1|
    |overflow_7_fu_2454_p2           |    and   |      0|  0|   2|           1|           1|
    |overflow_8_fu_2732_p2           |    and   |      0|  0|   2|           1|           1|
    |overflow_9_fu_3010_p2           |    and   |      0|  0|   2|           1|           1|
    |overflow_fu_508_p2              |    and   |      0|  0|   2|           1|           1|
    |underflow_10_fu_3312_p2         |    and   |      0|  0|   2|           1|           1|
    |underflow_11_fu_3590_p2         |    and   |      0|  0|   2|           1|           1|
    |underflow_12_fu_3868_p2         |    and   |      0|  0|   2|           1|           1|
    |underflow_13_fu_4146_p2         |    and   |      0|  0|   2|           1|           1|
    |underflow_14_fu_4424_p2         |    and   |      0|  0|   2|           1|           1|
    |underflow_15_fu_4702_p2         |    and   |      0|  0|   2|           1|           1|
    |underflow_16_fu_5043_p2         |    and   |      0|  0|   2|           1|           1|
    |underflow_17_fu_5089_p2         |    and   |      0|  0|   2|           1|           1|
    |underflow_18_fu_5135_p2         |    and   |      0|  0|   2|           1|           1|
    |underflow_19_fu_5181_p2         |    and   |      0|  0|   2|           1|           1|
    |underflow_1_fu_810_p2           |    and   |      0|  0|   2|           1|           1|
    |underflow_20_fu_5227_p2         |    and   |      0|  0|   2|           1|           1|
    |underflow_21_fu_5273_p2         |    and   |      0|  0|   2|           1|           1|
    |underflow_22_fu_5319_p2         |    and   |      0|  0|   2|           1|           1|
    |underflow_23_fu_5365_p2         |    and   |      0|  0|   2|           1|           1|
    |underflow_24_fu_5448_p2         |    and   |      0|  0|   2|           1|           1|
    |underflow_25_fu_5538_p2         |    and   |      0|  0|   2|           1|           1|
    |underflow_26_fu_5628_p2         |    and   |      0|  0|   2|           1|           1|
    |underflow_27_fu_5718_p2         |    and   |      0|  0|   2|           1|           1|
    |underflow_28_fu_5808_p2         |    and   |      0|  0|   2|           1|           1|
    |underflow_29_fu_5898_p2         |    and   |      0|  0|   2|           1|           1|
    |underflow_2_fu_1088_p2          |    and   |      0|  0|   2|           1|           1|
    |underflow_30_fu_5988_p2         |    and   |      0|  0|   2|           1|           1|
    |underflow_3_fu_1366_p2          |    and   |      0|  0|   2|           1|           1|
    |underflow_4_fu_1644_p2          |    and   |      0|  0|   2|           1|           1|
    |underflow_5_fu_1922_p2          |    and   |      0|  0|   2|           1|           1|
    |underflow_6_fu_2200_p2          |    and   |      0|  0|   2|           1|           1|
    |underflow_7_fu_2478_p2          |    and   |      0|  0|   2|           1|           1|
    |underflow_8_fu_2756_p2          |    and   |      0|  0|   2|           1|           1|
    |underflow_9_fu_3034_p2          |    and   |      0|  0|   2|           1|           1|
    |underflow_fu_532_p2             |    and   |      0|  0|   2|           1|           1|
    |Range1_all_ones_10_fu_3216_p2   |   icmp   |      0|  0|  11|           7|           2|
    |Range1_all_ones_11_fu_3494_p2   |   icmp   |      0|  0|  11|           7|           2|
    |Range1_all_ones_12_fu_3772_p2   |   icmp   |      0|  0|  11|           7|           2|
    |Range1_all_ones_13_fu_4050_p2   |   icmp   |      0|  0|  11|           7|           2|
    |Range1_all_ones_14_fu_4328_p2   |   icmp   |      0|  0|  11|           7|           2|
    |Range1_all_ones_15_fu_4606_p2   |   icmp   |      0|  0|  11|           7|           2|
    |Range1_all_ones_1_fu_714_p2     |   icmp   |      0|  0|  11|           7|           2|
    |Range1_all_ones_2_fu_992_p2     |   icmp   |      0|  0|  11|           7|           2|
    |Range1_all_ones_3_fu_1270_p2    |   icmp   |      0|  0|  11|           7|           2|
    |Range1_all_ones_4_fu_1548_p2    |   icmp   |      0|  0|  11|           7|           2|
    |Range1_all_ones_5_fu_1826_p2    |   icmp   |      0|  0|  11|           7|           2|
    |Range1_all_ones_6_fu_2104_p2    |   icmp   |      0|  0|  11|           7|           2|
    |Range1_all_ones_7_fu_2382_p2    |   icmp   |      0|  0|  11|           7|           2|
    |Range1_all_ones_8_fu_2660_p2    |   icmp   |      0|  0|  11|           7|           2|
    |Range1_all_ones_9_fu_2938_p2    |   icmp   |      0|  0|  11|           7|           2|
    |Range1_all_ones_fu_436_p2       |   icmp   |      0|  0|  11|           7|           2|
    |Range1_all_zeros_10_fu_3222_p2  |   icmp   |      0|  0|  11|           7|           1|
    |Range1_all_zeros_11_fu_3500_p2  |   icmp   |      0|  0|  11|           7|           1|
    |Range1_all_zeros_12_fu_3778_p2  |   icmp   |      0|  0|  11|           7|           1|
    |Range1_all_zeros_13_fu_4056_p2  |   icmp   |      0|  0|  11|           7|           1|
    |Range1_all_zeros_14_fu_4334_p2  |   icmp   |      0|  0|  11|           7|           1|
    |Range1_all_zeros_15_fu_4612_p2  |   icmp   |      0|  0|  11|           7|           1|
    |Range1_all_zeros_1_fu_720_p2    |   icmp   |      0|  0|  11|           7|           1|
    |Range1_all_zeros_2_fu_998_p2    |   icmp   |      0|  0|  11|           7|           1|
    |Range1_all_zeros_3_fu_1276_p2   |   icmp   |      0|  0|  11|           7|           1|
    |Range1_all_zeros_4_fu_1554_p2   |   icmp   |      0|  0|  11|           7|           1|
    |Range1_all_zeros_5_fu_1832_p2   |   icmp   |      0|  0|  11|           7|           1|
    |Range1_all_zeros_6_fu_2110_p2   |   icmp   |      0|  0|  11|           7|           1|
    |Range1_all_zeros_7_fu_2388_p2   |   icmp   |      0|  0|  11|           7|           1|
    |Range1_all_zeros_8_fu_2666_p2   |   icmp   |      0|  0|  11|           7|           1|
    |Range1_all_zeros_9_fu_2944_p2   |   icmp   |      0|  0|  11|           7|           1|
    |Range1_all_zeros_fu_442_p2      |   icmp   |      0|  0|  11|           7|           1|
    |Range2_all_ones_10_fu_3200_p2   |   icmp   |      0|  0|  11|           6|           2|
    |Range2_all_ones_11_fu_3478_p2   |   icmp   |      0|  0|  11|           6|           2|
    |Range2_all_ones_12_fu_3756_p2   |   icmp   |      0|  0|  11|           6|           2|
    |Range2_all_ones_13_fu_4034_p2   |   icmp   |      0|  0|  11|           6|           2|
    |Range2_all_ones_14_fu_4312_p2   |   icmp   |      0|  0|  11|           6|           2|
    |Range2_all_ones_15_fu_4590_p2   |   icmp   |      0|  0|  11|           6|           2|
    |Range2_all_ones_1_fu_698_p2     |   icmp   |      0|  0|  11|           6|           2|
    |Range2_all_ones_2_fu_976_p2     |   icmp   |      0|  0|  11|           6|           2|
    |Range2_all_ones_3_fu_1254_p2    |   icmp   |      0|  0|  11|           6|           2|
    |Range2_all_ones_4_fu_1532_p2    |   icmp   |      0|  0|  11|           6|           2|
    |Range2_all_ones_5_fu_1810_p2    |   icmp   |      0|  0|  11|           6|           2|
    |Range2_all_ones_6_fu_2088_p2    |   icmp   |      0|  0|  11|           6|           2|
    |Range2_all_ones_7_fu_2366_p2    |   icmp   |      0|  0|  11|           6|           2|
    |Range2_all_ones_8_fu_2644_p2    |   icmp   |      0|  0|  11|           6|           2|
    |Range2_all_ones_9_fu_2922_p2    |   icmp   |      0|  0|  11|           6|           2|
    |Range2_all_ones_fu_420_p2       |   icmp   |      0|  0|  11|           6|           2|
    |r_11_fu_2006_p2                 |   icmp   |      0|  0|  11|           8|           1|
    |r_13_fu_2284_p2                 |   icmp   |      0|  0|  11|           8|           1|
    |r_15_fu_2562_p2                 |   icmp   |      0|  0|  11|           8|           1|
    |r_16_fu_2840_p2                 |   icmp   |      0|  0|  11|           8|           1|
    |r_17_fu_3118_p2                 |   icmp   |      0|  0|  11|           8|           1|
    |r_18_fu_3396_p2                 |   icmp   |      0|  0|  11|           8|           1|
    |r_1_fu_338_p2                   |   icmp   |      0|  0|  11|           8|           1|
    |r_20_fu_3674_p2                 |   icmp   |      0|  0|  11|           8|           1|
    |r_22_fu_3952_p2                 |   icmp   |      0|  0|  11|           8|           1|
    |r_24_fu_4230_p2                 |   icmp   |      0|  0|  11|           8|           1|
    |r_26_fu_4508_p2                 |   icmp   |      0|  0|  11|           8|           1|
    |r_2_fu_616_p2                   |   icmp   |      0|  0|  11|           8|           1|
    |r_3_fu_894_p2                   |   icmp   |      0|  0|  11|           8|           1|
    |r_5_fu_1172_p2                  |   icmp   |      0|  0|  11|           8|           1|
    |r_7_fu_1450_p2                  |   icmp   |      0|  0|  11|           8|           1|
    |r_9_fu_1728_p2                  |   icmp   |      0|  0|  11|           8|           1|
    |or_ln340_100_fu_5333_p2         |    or    |      0|  0|   2|           1|           1|
    |or_ln340_103_fu_5379_p2         |    or    |      0|  0|   2|           1|           1|
    |or_ln340_106_fu_5466_p2         |    or    |      0|  0|   2|           1|           1|
    |or_ln340_109_fu_5556_p2         |    or    |      0|  0|   2|           1|           1|
    |or_ln340_112_fu_5646_p2         |    or    |      0|  0|   2|           1|           1|
    |or_ln340_115_fu_5736_p2         |    or    |      0|  0|   2|           1|           1|
    |or_ln340_118_fu_5826_p2         |    or    |      0|  0|   2|           1|           1|
    |or_ln340_121_fu_5916_p2         |    or    |      0|  0|   2|           1|           1|
    |or_ln340_124_fu_6006_p2         |    or    |      0|  0|   2|           1|           1|
    |or_ln340_33_fu_550_p2           |    or    |      0|  0|   2|           1|           1|
    |or_ln340_35_fu_816_p2           |    or    |      0|  0|   2|           1|           1|
    |or_ln340_36_fu_828_p2           |    or    |      0|  0|   2|           1|           1|
    |or_ln340_38_fu_1094_p2          |    or    |      0|  0|   2|           1|           1|
    |or_ln340_39_fu_1106_p2          |    or    |      0|  0|   2|           1|           1|
    |or_ln340_419_fu_544_p2          |    or    |      0|  0|   2|           1|           1|
    |or_ln340_41_fu_1372_p2          |    or    |      0|  0|   2|           1|           1|
    |or_ln340_420_fu_822_p2          |    or    |      0|  0|   2|           1|           1|
    |or_ln340_421_fu_1100_p2         |    or    |      0|  0|   2|           1|           1|
    |or_ln340_422_fu_1378_p2         |    or    |      0|  0|   2|           1|           1|
    |or_ln340_423_fu_1656_p2         |    or    |      0|  0|   2|           1|           1|
    |or_ln340_424_fu_1934_p2         |    or    |      0|  0|   2|           1|           1|
    |or_ln340_425_fu_2212_p2         |    or    |      0|  0|   2|           1|           1|
    |or_ln340_426_fu_2490_p2         |    or    |      0|  0|   2|           1|           1|
    |or_ln340_427_fu_2768_p2         |    or    |      0|  0|   2|           1|           1|
    |or_ln340_428_fu_3046_p2         |    or    |      0|  0|   2|           1|           1|
    |or_ln340_429_fu_3324_p2         |    or    |      0|  0|   2|           1|           1|
    |or_ln340_42_fu_1384_p2          |    or    |      0|  0|   2|           1|           1|
    |or_ln340_430_fu_3602_p2         |    or    |      0|  0|   2|           1|           1|
    |or_ln340_431_fu_3880_p2         |    or    |      0|  0|   2|           1|           1|
    |or_ln340_432_fu_4158_p2         |    or    |      0|  0|   2|           1|           1|
    |or_ln340_433_fu_4436_p2         |    or    |      0|  0|   2|           1|           1|
    |or_ln340_434_fu_4714_p2         |    or    |      0|  0|   2|           1|           1|
    |or_ln340_44_fu_1650_p2          |    or    |      0|  0|   2|           1|           1|
    |or_ln340_45_fu_1662_p2          |    or    |      0|  0|   2|           1|           1|
    |or_ln340_47_fu_1928_p2          |    or    |      0|  0|   2|           1|           1|
    |or_ln340_48_fu_1940_p2          |    or    |      0|  0|   2|           1|           1|
    |or_ln340_50_fu_2206_p2          |    or    |      0|  0|   2|           1|           1|
    |or_ln340_51_fu_2218_p2          |    or    |      0|  0|   2|           1|           1|
    |or_ln340_53_fu_2484_p2          |    or    |      0|  0|   2|           1|           1|
    |or_ln340_54_fu_2496_p2          |    or    |      0|  0|   2|           1|           1|
    |or_ln340_56_fu_2762_p2          |    or    |      0|  0|   2|           1|           1|
    |or_ln340_57_fu_2774_p2          |    or    |      0|  0|   2|           1|           1|
    |or_ln340_59_fu_3040_p2          |    or    |      0|  0|   2|           1|           1|
    |or_ln340_60_fu_3052_p2          |    or    |      0|  0|   2|           1|           1|
    |or_ln340_62_fu_3318_p2          |    or    |      0|  0|   2|           1|           1|
    |or_ln340_63_fu_3330_p2          |    or    |      0|  0|   2|           1|           1|
    |or_ln340_65_fu_3596_p2          |    or    |      0|  0|   2|           1|           1|
    |or_ln340_66_fu_3608_p2          |    or    |      0|  0|   2|           1|           1|
    |or_ln340_68_fu_3874_p2          |    or    |      0|  0|   2|           1|           1|
    |or_ln340_69_fu_3886_p2          |    or    |      0|  0|   2|           1|           1|
    |or_ln340_71_fu_4152_p2          |    or    |      0|  0|   2|           1|           1|
    |or_ln340_72_fu_4164_p2          |    or    |      0|  0|   2|           1|           1|
    |or_ln340_74_fu_4430_p2          |    or    |      0|  0|   2|           1|           1|
    |or_ln340_75_fu_4442_p2          |    or    |      0|  0|   2|           1|           1|
    |or_ln340_77_fu_4708_p2          |    or    |      0|  0|   2|           1|           1|
    |or_ln340_78_fu_4720_p2          |    or    |      0|  0|   2|           1|           1|
    |or_ln340_82_fu_5057_p2          |    or    |      0|  0|   2|           1|           1|
    |or_ln340_85_fu_5103_p2          |    or    |      0|  0|   2|           1|           1|
    |or_ln340_88_fu_5149_p2          |    or    |      0|  0|   2|           1|           1|
    |or_ln340_91_fu_5195_p2          |    or    |      0|  0|   2|           1|           1|
    |or_ln340_94_fu_5241_p2          |    or    |      0|  0|   2|           1|           1|
    |or_ln340_97_fu_5287_p2          |    or    |      0|  0|   2|           1|           1|
    |or_ln340_fu_538_p2              |    or    |      0|  0|   2|           1|           1|
    |or_ln406_103_fu_2576_p2         |    or    |      0|  0|   2|           1|           1|
    |or_ln406_104_fu_2854_p2         |    or    |      0|  0|   2|           1|           1|
    |or_ln406_105_fu_3132_p2         |    or    |      0|  0|   2|           1|           1|
    |or_ln406_fu_352_p2              |    or    |      0|  0|   2|           1|           1|
    |or_ln785_11_fu_774_p2           |    or    |      0|  0|   2|           1|           1|
    |or_ln785_12_fu_1052_p2          |    or    |      0|  0|   2|           1|           1|
    |or_ln785_13_fu_1330_p2          |    or    |      0|  0|   2|           1|           1|
    |or_ln785_14_fu_1608_p2          |    or    |      0|  0|   2|           1|           1|
    |or_ln785_15_fu_1886_p2          |    or    |      0|  0|   2|           1|           1|
    |or_ln785_16_fu_2164_p2          |    or    |      0|  0|   2|           1|           1|
    |or_ln785_17_fu_2442_p2          |    or    |      0|  0|   2|           1|           1|
    |or_ln785_18_fu_2720_p2          |    or    |      0|  0|   2|           1|           1|
    |or_ln785_19_fu_2998_p2          |    or    |      0|  0|   2|           1|           1|
    |or_ln785_20_fu_3276_p2          |    or    |      0|  0|   2|           1|           1|
    |or_ln785_21_fu_3554_p2          |    or    |      0|  0|   2|           1|           1|
    |or_ln785_22_fu_3832_p2          |    or    |      0|  0|   2|           1|           1|
    |or_ln785_23_fu_4110_p2          |    or    |      0|  0|   2|           1|           1|
    |or_ln785_24_fu_4388_p2          |    or    |      0|  0|   2|           1|           1|
    |or_ln785_25_fu_4666_p2          |    or    |      0|  0|   2|           1|           1|
    |or_ln785_fu_496_p2              |    or    |      0|  0|   2|           1|           1|
    |or_ln786_129_fu_798_p2          |    or    |      0|  0|   2|           1|           1|
    |or_ln786_130_fu_1076_p2         |    or    |      0|  0|   2|           1|           1|
    |or_ln786_131_fu_1354_p2         |    or    |      0|  0|   2|           1|           1|
    |or_ln786_132_fu_1632_p2         |    or    |      0|  0|   2|           1|           1|
    |or_ln786_133_fu_1910_p2         |    or    |      0|  0|   2|           1|           1|
    |or_ln786_134_fu_2188_p2         |    or    |      0|  0|   2|           1|           1|
    |or_ln786_135_fu_2466_p2         |    or    |      0|  0|   2|           1|           1|
    |or_ln786_136_fu_2744_p2         |    or    |      0|  0|   2|           1|           1|
    |or_ln786_137_fu_3022_p2         |    or    |      0|  0|   2|           1|           1|
    |or_ln786_138_fu_3300_p2         |    or    |      0|  0|   2|           1|           1|
    |or_ln786_139_fu_3578_p2         |    or    |      0|  0|   2|           1|           1|
    |or_ln786_140_fu_3856_p2         |    or    |      0|  0|   2|           1|           1|
    |or_ln786_141_fu_4134_p2         |    or    |      0|  0|   2|           1|           1|
    |or_ln786_142_fu_4412_p2         |    or    |      0|  0|   2|           1|           1|
    |or_ln786_143_fu_4690_p2         |    or    |      0|  0|   2|           1|           1|
    |or_ln786_fu_520_p2              |    or    |      0|  0|   2|           1|           1|
    |r_10_fu_1742_p2                 |    or    |      0|  0|   2|           1|           1|
    |r_12_fu_2020_p2                 |    or    |      0|  0|   2|           1|           1|
    |r_14_fu_2298_p2                 |    or    |      0|  0|   2|           1|           1|
    |r_19_fu_3410_p2                 |    or    |      0|  0|   2|           1|           1|
    |r_21_fu_3688_p2                 |    or    |      0|  0|   2|           1|           1|
    |r_23_fu_3966_p2                 |    or    |      0|  0|   2|           1|           1|
    |r_25_fu_4244_p2                 |    or    |      0|  0|   2|           1|           1|
    |r_27_fu_4522_p2                 |    or    |      0|  0|   2|           1|           1|
    |r_4_fu_908_p2                   |    or    |      0|  0|   2|           1|           1|
    |r_6_fu_1186_p2                  |    or    |      0|  0|   2|           1|           1|
    |r_8_fu_1464_p2                  |    or    |      0|  0|   2|           1|           1|
    |r_fu_630_p2                     |    or    |      0|  0|   2|           1|           1|
    |add0_V_fu_5076_p3               |  select  |      0|  0|  32|           1|          32|
    |add10_V_fu_5668_p3              |  select  |      0|  0|  32|           1|          32|
    |add11_V_fu_5758_p3              |  select  |      0|  0|  32|           1|          32|
    |add12_V_fu_5848_p3              |  select  |      0|  0|  32|           1|          32|
    |add13_V_fu_5938_p3              |  select  |      0|  0|  32|           1|          32|
    |add14_V_fu_6028_p3              |  select  |      0|  0|  32|           1|          32|
    |add1_V_fu_5122_p3               |  select  |      0|  0|  32|           1|          32|
    |add2_V_fu_5168_p3               |  select  |      0|  0|  32|           1|          32|
    |add3_V_fu_5214_p3               |  select  |      0|  0|  32|           1|          32|
    |add4_V_fu_5260_p3               |  select  |      0|  0|  32|           1|          32|
    |add5_V_fu_5306_p3               |  select  |      0|  0|  32|           1|          32|
    |add6_V_fu_5352_p3               |  select  |      0|  0|  32|           1|          32|
    |add7_V_fu_5398_p3               |  select  |      0|  0|  32|           1|          32|
    |add8_V_fu_5488_p3               |  select  |      0|  0|  32|           1|          32|
    |add9_V_fu_5578_p3               |  select  |      0|  0|  32|           1|          32|
    |deleted_ones_10_fu_3256_p3      |  select  |      0|  0|   2|           1|           1|
    |deleted_ones_11_fu_3534_p3      |  select  |      0|  0|   2|           1|           1|
    |deleted_ones_12_fu_3812_p3      |  select  |      0|  0|   2|           1|           1|
    |deleted_ones_13_fu_4090_p3      |  select  |      0|  0|   2|           1|           1|
    |deleted_ones_14_fu_4368_p3      |  select  |      0|  0|   2|           1|           1|
    |deleted_ones_15_fu_4646_p3      |  select  |      0|  0|   2|           1|           1|
    |deleted_ones_1_fu_754_p3        |  select  |      0|  0|   2|           1|           1|
    |deleted_ones_2_fu_1032_p3       |  select  |      0|  0|   2|           1|           1|
    |deleted_ones_3_fu_1310_p3       |  select  |      0|  0|   2|           1|           1|
    |deleted_ones_4_fu_1588_p3       |  select  |      0|  0|   2|           1|           1|
    |deleted_ones_5_fu_1866_p3       |  select  |      0|  0|   2|           1|           1|
    |deleted_ones_6_fu_2144_p3       |  select  |      0|  0|   2|           1|           1|
    |deleted_ones_7_fu_2422_p3       |  select  |      0|  0|   2|           1|           1|
    |deleted_ones_8_fu_2700_p3       |  select  |      0|  0|   2|           1|           1|
    |deleted_ones_9_fu_2978_p3       |  select  |      0|  0|   2|           1|           1|
    |deleted_ones_fu_476_p3          |  select  |      0|  0|   2|           1|           1|
    |deleted_zeros_10_fu_3228_p3     |  select  |      0|  0|   2|           1|           1|
    |deleted_zeros_11_fu_3506_p3     |  select  |      0|  0|   2|           1|           1|
    |deleted_zeros_12_fu_3784_p3     |  select  |      0|  0|   2|           1|           1|
    |deleted_zeros_13_fu_4062_p3     |  select  |      0|  0|   2|           1|           1|
    |deleted_zeros_14_fu_4340_p3     |  select  |      0|  0|   2|           1|           1|
    |deleted_zeros_15_fu_4618_p3     |  select  |      0|  0|   2|           1|           1|
    |deleted_zeros_1_fu_726_p3       |  select  |      0|  0|   2|           1|           1|
    |deleted_zeros_2_fu_1004_p3      |  select  |      0|  0|   2|           1|           1|
    |deleted_zeros_3_fu_1282_p3      |  select  |      0|  0|   2|           1|           1|
    |deleted_zeros_4_fu_1560_p3      |  select  |      0|  0|   2|           1|           1|
    |deleted_zeros_5_fu_1838_p3      |  select  |      0|  0|   2|           1|           1|
    |deleted_zeros_6_fu_2116_p3      |  select  |      0|  0|   2|           1|           1|
    |deleted_zeros_7_fu_2394_p3      |  select  |      0|  0|   2|           1|           1|
    |deleted_zeros_8_fu_2672_p3      |  select  |      0|  0|   2|           1|           1|
    |deleted_zeros_9_fu_2950_p3      |  select  |      0|  0|   2|           1|           1|
    |deleted_zeros_fu_448_p3         |  select  |      0|  0|   2|           1|           1|
    |mul0_V_fu_572_p3                |  select  |      0|  0|  32|           1|          32|
    |mul10_V_fu_3352_p3              |  select  |      0|  0|  32|           1|          32|
    |mul11_V_fu_3630_p3              |  select  |      0|  0|  32|           1|          32|
    |mul12_V_fu_3908_p3              |  select  |      0|  0|  32|           1|          32|
    |mul13_V_fu_4186_p3              |  select  |      0|  0|  32|           1|          32|
    |mul14_V_fu_4464_p3              |  select  |      0|  0|  32|           1|          32|
    |mul15_V_fu_4742_p3              |  select  |      0|  0|  32|           1|          32|
    |mul1_V_fu_850_p3                |  select  |      0|  0|  32|           1|          32|
    |mul2_V_fu_1128_p3               |  select  |      0|  0|  32|           1|          32|
    |mul3_V_fu_1406_p3               |  select  |      0|  0|  32|           1|          32|
    |mul4_V_fu_1684_p3               |  select  |      0|  0|  32|           1|          32|
    |mul5_V_fu_1962_p3               |  select  |      0|  0|  32|           1|          32|
    |mul6_V_fu_2240_p3               |  select  |      0|  0|  32|           1|          32|
    |mul7_V_fu_2518_p3               |  select  |      0|  0|  32|           1|          32|
    |mul8_V_fu_2796_p3               |  select  |      0|  0|  32|           1|          32|
    |mul9_V_fu_3074_p3               |  select  |      0|  0|  32|           1|          32|
    |select_ln340_11_fu_834_p3       |  select  |      0|  0|  32|           1|          31|
    |select_ln340_12_fu_1112_p3      |  select  |      0|  0|  32|           1|          31|
    |select_ln340_13_fu_1390_p3      |  select  |      0|  0|  32|           1|          31|
    |select_ln340_14_fu_1668_p3      |  select  |      0|  0|  32|           1|          31|
    |select_ln340_15_fu_1946_p3      |  select  |      0|  0|  32|           1|          31|
    |select_ln340_16_fu_2224_p3      |  select  |      0|  0|  32|           1|          31|
    |select_ln340_17_fu_2502_p3      |  select  |      0|  0|  32|           1|          31|
    |select_ln340_18_fu_2780_p3      |  select  |      0|  0|  32|           1|          31|
    |select_ln340_19_fu_3058_p3      |  select  |      0|  0|  32|           1|          31|
    |select_ln340_20_fu_3336_p3      |  select  |      0|  0|  32|           1|          31|
    |select_ln340_21_fu_3614_p3      |  select  |      0|  0|  32|           1|          31|
    |select_ln340_22_fu_3892_p3      |  select  |      0|  0|  32|           1|          31|
    |select_ln340_23_fu_4170_p3      |  select  |      0|  0|  32|           1|          31|
    |select_ln340_24_fu_4448_p3      |  select  |      0|  0|  32|           1|          31|
    |select_ln340_25_fu_4726_p3      |  select  |      0|  0|  32|           1|          31|
    |select_ln340_26_fu_5062_p3      |  select  |      0|  0|  32|           1|          31|
    |select_ln340_27_fu_5108_p3      |  select  |      0|  0|  32|           1|          31|
    |select_ln340_28_fu_5154_p3      |  select  |      0|  0|  32|           1|          31|
    |select_ln340_29_fu_5200_p3      |  select  |      0|  0|  32|           1|          31|
    |select_ln340_30_fu_5246_p3      |  select  |      0|  0|  32|           1|          31|
    |select_ln340_31_fu_5292_p3      |  select  |      0|  0|  32|           1|          31|
    |select_ln340_32_fu_5338_p3      |  select  |      0|  0|  32|           1|          31|
    |select_ln340_33_fu_5384_p3      |  select  |      0|  0|  32|           1|          31|
    |select_ln340_34_fu_5472_p3      |  select  |      0|  0|  32|           1|          31|
    |select_ln340_35_fu_5562_p3      |  select  |      0|  0|  32|           1|          31|
    |select_ln340_36_fu_5652_p3      |  select  |      0|  0|  32|           1|          31|
    |select_ln340_37_fu_5742_p3      |  select  |      0|  0|  32|           1|          31|
    |select_ln340_38_fu_5832_p3      |  select  |      0|  0|  32|           1|          31|
    |select_ln340_39_fu_5922_p3      |  select  |      0|  0|  32|           1|          31|
    |select_ln340_40_fu_6012_p3      |  select  |      0|  0|  32|           1|          31|
    |select_ln340_fu_556_p3          |  select  |      0|  0|  32|           1|          31|
    |select_ln388_11_fu_842_p3       |  select  |      0|  0|  36|           1|          33|
    |select_ln388_12_fu_1120_p3      |  select  |      0|  0|  36|           1|          33|
    |select_ln388_13_fu_1398_p3      |  select  |      0|  0|  36|           1|          33|
    |select_ln388_14_fu_1676_p3      |  select  |      0|  0|  36|           1|          33|
    |select_ln388_15_fu_1954_p3      |  select  |      0|  0|  36|           1|          33|
    |select_ln388_16_fu_2232_p3      |  select  |      0|  0|  36|           1|          33|
    |select_ln388_17_fu_2510_p3      |  select  |      0|  0|  36|           1|          33|
    |select_ln388_18_fu_2788_p3      |  select  |      0|  0|  36|           1|          33|
    |select_ln388_19_fu_3066_p3      |  select  |      0|  0|  36|           1|          33|
    |select_ln388_20_fu_3344_p3      |  select  |      0|  0|  36|           1|          33|
    |select_ln388_21_fu_3622_p3      |  select  |      0|  0|  36|           1|          33|
    |select_ln388_22_fu_3900_p3      |  select  |      0|  0|  36|           1|          33|
    |select_ln388_23_fu_4178_p3      |  select  |      0|  0|  36|           1|          33|
    |select_ln388_24_fu_4456_p3      |  select  |      0|  0|  36|           1|          33|
    |select_ln388_25_fu_4734_p3      |  select  |      0|  0|  36|           1|          33|
    |select_ln388_26_fu_5069_p3      |  select  |      0|  0|  36|           1|          33|
    |select_ln388_27_fu_5115_p3      |  select  |      0|  0|  36|           1|          33|
    |select_ln388_28_fu_5161_p3      |  select  |      0|  0|  36|           1|          33|
    |select_ln388_29_fu_5207_p3      |  select  |      0|  0|  36|           1|          33|
    |select_ln388_30_fu_5253_p3      |  select  |      0|  0|  36|           1|          33|
    |select_ln388_31_fu_5299_p3      |  select  |      0|  0|  36|           1|          33|
    |select_ln388_32_fu_5345_p3      |  select  |      0|  0|  36|           1|          33|
    |select_ln388_33_fu_5391_p3      |  select  |      0|  0|  36|           1|          33|
    |select_ln388_34_fu_5480_p3      |  select  |      0|  0|  36|           1|          33|
    |select_ln388_35_fu_5570_p3      |  select  |      0|  0|  36|           1|          33|
    |select_ln388_36_fu_5660_p3      |  select  |      0|  0|  36|           1|          33|
    |select_ln388_37_fu_5750_p3      |  select  |      0|  0|  36|           1|          33|
    |select_ln388_38_fu_5840_p3      |  select  |      0|  0|  36|           1|          33|
    |select_ln388_39_fu_5930_p3      |  select  |      0|  0|  36|           1|          33|
    |select_ln388_40_fu_6020_p3      |  select  |      0|  0|  36|           1|          33|
    |select_ln388_fu_564_p3          |  select  |      0|  0|  36|           1|          33|
    |xor_ln340_26_fu_5052_p2         |    xor   |      0|  0|   2|           1|           2|
    |xor_ln340_27_fu_5098_p2         |    xor   |      0|  0|   2|           1|           2|
    |xor_ln340_28_fu_5144_p2         |    xor   |      0|  0|   2|           1|           2|
    |xor_ln340_29_fu_5190_p2         |    xor   |      0|  0|   2|           1|           2|
    |xor_ln340_30_fu_5236_p2         |    xor   |      0|  0|   2|           1|           2|
    |xor_ln340_31_fu_5282_p2         |    xor   |      0|  0|   2|           1|           2|
    |xor_ln340_32_fu_5328_p2         |    xor   |      0|  0|   2|           1|           2|
    |xor_ln340_33_fu_5374_p2         |    xor   |      0|  0|   2|           1|           2|
    |xor_ln340_34_fu_5460_p2         |    xor   |      0|  0|   2|           1|           2|
    |xor_ln340_35_fu_5550_p2         |    xor   |      0|  0|   2|           1|           2|
    |xor_ln340_36_fu_5640_p2         |    xor   |      0|  0|   2|           1|           2|
    |xor_ln340_37_fu_5730_p2         |    xor   |      0|  0|   2|           1|           2|
    |xor_ln340_38_fu_5820_p2         |    xor   |      0|  0|   2|           1|           2|
    |xor_ln340_39_fu_5910_p2         |    xor   |      0|  0|   2|           1|           2|
    |xor_ln340_40_fu_6000_p2         |    xor   |      0|  0|   2|           1|           2|
    |xor_ln340_64_fu_5094_p2         |    xor   |      0|  0|   2|           1|           1|
    |xor_ln340_65_fu_5140_p2         |    xor   |      0|  0|   2|           1|           1|
    |xor_ln340_66_fu_5186_p2         |    xor   |      0|  0|   2|           1|           1|
    |xor_ln340_67_fu_5232_p2         |    xor   |      0|  0|   2|           1|           1|
    |xor_ln340_68_fu_5278_p2         |    xor   |      0|  0|   2|           1|           1|
    |xor_ln340_69_fu_5324_p2         |    xor   |      0|  0|   2|           1|           1|
    |xor_ln340_70_fu_5370_p2         |    xor   |      0|  0|   2|           1|           1|
    |xor_ln340_71_fu_5454_p2         |    xor   |      0|  0|   2|           1|           1|
    |xor_ln340_72_fu_5544_p2         |    xor   |      0|  0|   2|           1|           1|
    |xor_ln340_73_fu_5634_p2         |    xor   |      0|  0|   2|           1|           1|
    |xor_ln340_74_fu_5724_p2         |    xor   |      0|  0|   2|           1|           1|
    |xor_ln340_75_fu_5814_p2         |    xor   |      0|  0|   2|           1|           1|
    |xor_ln340_76_fu_5904_p2         |    xor   |      0|  0|   2|           1|           1|
    |xor_ln340_77_fu_5994_p2         |    xor   |      0|  0|   2|           1|           1|
    |xor_ln340_fu_5048_p2            |    xor   |      0|  0|   2|           1|           1|
    |xor_ln416_129_fu_668_p2         |    xor   |      0|  0|   2|           1|           2|
    |xor_ln416_130_fu_946_p2         |    xor   |      0|  0|   2|           1|           2|
    |xor_ln416_131_fu_1224_p2        |    xor   |      0|  0|   2|           1|           2|
    |xor_ln416_132_fu_1502_p2        |    xor   |      0|  0|   2|           1|           2|
    |xor_ln416_133_fu_1780_p2        |    xor   |      0|  0|   2|           1|           2|
    |xor_ln416_134_fu_2058_p2        |    xor   |      0|  0|   2|           1|           2|
    |xor_ln416_135_fu_2336_p2        |    xor   |      0|  0|   2|           1|           2|
    |xor_ln416_136_fu_2614_p2        |    xor   |      0|  0|   2|           1|           2|
    |xor_ln416_137_fu_2892_p2        |    xor   |      0|  0|   2|           1|           2|
    |xor_ln416_138_fu_3170_p2        |    xor   |      0|  0|   2|           1|           2|
    |xor_ln416_139_fu_3448_p2        |    xor   |      0|  0|   2|           1|           2|
    |xor_ln416_140_fu_3726_p2        |    xor   |      0|  0|   2|           1|           2|
    |xor_ln416_141_fu_4004_p2        |    xor   |      0|  0|   2|           1|           2|
    |xor_ln416_142_fu_4282_p2        |    xor   |      0|  0|   2|           1|           2|
    |xor_ln416_143_fu_4560_p2        |    xor   |      0|  0|   2|           1|           2|
    |xor_ln416_fu_390_p2             |    xor   |      0|  0|   2|           1|           2|
    |xor_ln779_129_fu_742_p2         |    xor   |      0|  0|   2|           1|           2|
    |xor_ln779_130_fu_1020_p2        |    xor   |      0|  0|   2|           1|           2|
    |xor_ln779_131_fu_1298_p2        |    xor   |      0|  0|   2|           1|           2|
    |xor_ln779_132_fu_1576_p2        |    xor   |      0|  0|   2|           1|           2|
    |xor_ln779_133_fu_1854_p2        |    xor   |      0|  0|   2|           1|           2|
    |xor_ln779_134_fu_2132_p2        |    xor   |      0|  0|   2|           1|           2|
    |xor_ln779_135_fu_2410_p2        |    xor   |      0|  0|   2|           1|           2|
    |xor_ln779_136_fu_2688_p2        |    xor   |      0|  0|   2|           1|           2|
    |xor_ln779_137_fu_2966_p2        |    xor   |      0|  0|   2|           1|           2|
    |xor_ln779_138_fu_3244_p2        |    xor   |      0|  0|   2|           1|           2|
    |xor_ln779_139_fu_3522_p2        |    xor   |      0|  0|   2|           1|           2|
    |xor_ln779_140_fu_3800_p2        |    xor   |      0|  0|   2|           1|           2|
    |xor_ln779_141_fu_4078_p2        |    xor   |      0|  0|   2|           1|           2|
    |xor_ln779_142_fu_4356_p2        |    xor   |      0|  0|   2|           1|           2|
    |xor_ln779_143_fu_4634_p2        |    xor   |      0|  0|   2|           1|           2|
    |xor_ln779_fu_464_p2             |    xor   |      0|  0|   2|           1|           2|
    |xor_ln785_20_fu_502_p2          |    xor   |      0|  0|   2|           1|           2|
    |xor_ln785_21_fu_768_p2          |    xor   |      0|  0|   2|           1|           2|
    |xor_ln785_22_fu_780_p2          |    xor   |      0|  0|   2|           1|           2|
    |xor_ln785_23_fu_1046_p2         |    xor   |      0|  0|   2|           1|           2|
    |xor_ln785_24_fu_1058_p2         |    xor   |      0|  0|   2|           1|           2|
    |xor_ln785_25_fu_1324_p2         |    xor   |      0|  0|   2|           1|           2|
    |xor_ln785_26_fu_1336_p2         |    xor   |      0|  0|   2|           1|           2|
    |xor_ln785_27_fu_1602_p2         |    xor   |      0|  0|   2|           1|           2|
    |xor_ln785_28_fu_1614_p2         |    xor   |      0|  0|   2|           1|           2|
    |xor_ln785_29_fu_1880_p2         |    xor   |      0|  0|   2|           1|           2|
    |xor_ln785_30_fu_1892_p2         |    xor   |      0|  0|   2|           1|           2|
    |xor_ln785_31_fu_2158_p2         |    xor   |      0|  0|   2|           1|           2|
    |xor_ln785_32_fu_2170_p2         |    xor   |      0|  0|   2|           1|           2|
    |xor_ln785_33_fu_2436_p2         |    xor   |      0|  0|   2|           1|           2|
    |xor_ln785_34_fu_2448_p2         |    xor   |      0|  0|   2|           1|           2|
    |xor_ln785_35_fu_2714_p2         |    xor   |      0|  0|   2|           1|           2|
    |xor_ln785_36_fu_2726_p2         |    xor   |      0|  0|   2|           1|           2|
    |xor_ln785_37_fu_2992_p2         |    xor   |      0|  0|   2|           1|           2|
    |xor_ln785_38_fu_3004_p2         |    xor   |      0|  0|   2|           1|           2|
    |xor_ln785_39_fu_3270_p2         |    xor   |      0|  0|   2|           1|           2|
    |xor_ln785_40_fu_3282_p2         |    xor   |      0|  0|   2|           1|           2|
    |xor_ln785_41_fu_3548_p2         |    xor   |      0|  0|   2|           1|           2|
    |xor_ln785_42_fu_3560_p2         |    xor   |      0|  0|   2|           1|           2|
    |xor_ln785_43_fu_3826_p2         |    xor   |      0|  0|   2|           1|           2|
    |xor_ln785_44_fu_3838_p2         |    xor   |      0|  0|   2|           1|           2|
    |xor_ln785_45_fu_4104_p2         |    xor   |      0|  0|   2|           1|           2|
    |xor_ln785_46_fu_4116_p2         |    xor   |      0|  0|   2|           1|           2|
    |xor_ln785_47_fu_4382_p2         |    xor   |      0|  0|   2|           1|           2|
    |xor_ln785_48_fu_4394_p2         |    xor   |      0|  0|   2|           1|           2|
    |xor_ln785_49_fu_4660_p2         |    xor   |      0|  0|   2|           1|           2|
    |xor_ln785_50_fu_4672_p2         |    xor   |      0|  0|   2|           1|           2|
    |xor_ln785_fu_490_p2             |    xor   |      0|  0|   2|           1|           2|
    |xor_ln786_161_fu_804_p2         |    xor   |      0|  0|   2|           1|           2|
    |xor_ln786_162_fu_1082_p2        |    xor   |      0|  0|   2|           1|           2|
    |xor_ln786_163_fu_1360_p2        |    xor   |      0|  0|   2|           1|           2|
    |xor_ln786_164_fu_1638_p2        |    xor   |      0|  0|   2|           1|           2|
    |xor_ln786_165_fu_1916_p2        |    xor   |      0|  0|   2|           1|           2|
    |xor_ln786_166_fu_2194_p2        |    xor   |      0|  0|   2|           1|           2|
    |xor_ln786_167_fu_2472_p2        |    xor   |      0|  0|   2|           1|           2|
    |xor_ln786_168_fu_2750_p2        |    xor   |      0|  0|   2|           1|           2|
    |xor_ln786_169_fu_3028_p2        |    xor   |      0|  0|   2|           1|           2|
    |xor_ln786_170_fu_3306_p2        |    xor   |      0|  0|   2|           1|           2|
    |xor_ln786_171_fu_3584_p2        |    xor   |      0|  0|   2|           1|           2|
    |xor_ln786_172_fu_3862_p2        |    xor   |      0|  0|   2|           1|           2|
    |xor_ln786_173_fu_4140_p2        |    xor   |      0|  0|   2|           1|           2|
    |xor_ln786_174_fu_4418_p2        |    xor   |      0|  0|   2|           1|           2|
    |xor_ln786_175_fu_4696_p2        |    xor   |      0|  0|   2|           1|           2|
    |xor_ln786_26_fu_5038_p2         |    xor   |      0|  0|   2|           1|           2|
    |xor_ln786_27_fu_5084_p2         |    xor   |      0|  0|   2|           1|           2|
    |xor_ln786_28_fu_5130_p2         |    xor   |      0|  0|   2|           1|           2|
    |xor_ln786_29_fu_5176_p2         |    xor   |      0|  0|   2|           1|           2|
    |xor_ln786_30_fu_5222_p2         |    xor   |      0|  0|   2|           1|           2|
    |xor_ln786_31_fu_5268_p2         |    xor   |      0|  0|   2|           1|           2|
    |xor_ln786_32_fu_5314_p2         |    xor   |      0|  0|   2|           1|           2|
    |xor_ln786_33_fu_5360_p2         |    xor   |      0|  0|   2|           1|           2|
    |xor_ln786_34_fu_5442_p2         |    xor   |      0|  0|   2|           1|           2|
    |xor_ln786_35_fu_5532_p2         |    xor   |      0|  0|   2|           1|           2|
    |xor_ln786_36_fu_5622_p2         |    xor   |      0|  0|   2|           1|           2|
    |xor_ln786_37_fu_5712_p2         |    xor   |      0|  0|   2|           1|           2|
    |xor_ln786_38_fu_5802_p2         |    xor   |      0|  0|   2|           1|           2|
    |xor_ln786_39_fu_5892_p2         |    xor   |      0|  0|   2|           1|           2|
    |xor_ln786_40_fu_5982_p2         |    xor   |      0|  0|   2|           1|           2|
    |xor_ln786_fu_526_p2             |    xor   |      0|  0|   2|           1|           2|
    +--------------------------------+----------+-------+---+----+------------+------------+
    |Total                           |          |     32|  0|6723|        2935|        5320|
    +--------------------------------+----------+-------+---+----+------------+------------+

    * Multiplexer: 
    +-----------+----+-----------+-----+-----------+
    |    Name   | LUT| Input Size| Bits| Total Bits|
    +-----------+----+-----------+-----+-----------+
    |ap_return  |   9|          2|   32|         64|
    +-----------+----+-----------+-----+-----------+
    |Total      |   9|          2|   32|         64|
    +-----------+----+-----------+-----+-----------+

    * Register: 
    +-----------------------+----+----+-----+-----------+
    |          Name         | FF | LUT| Bits| Const Bits|
    +-----------------------+----+----+-----+-----------+
    |ap_ce_reg              |   1|   0|    1|          0|
    |ap_return_int_reg      |  32|   0|   32|          0|
    |p_Result_100_reg_6136  |   1|   0|    1|          0|
    |p_Result_101_reg_6149  |   1|   0|    1|          0|
    |p_Result_102_reg_6156  |   1|   0|    1|          0|
    |p_Result_103_reg_6169  |   1|   0|    1|          0|
    |p_Result_104_reg_6176  |   1|   0|    1|          0|
    |p_Result_105_reg_6189  |   1|   0|    1|          0|
    |p_Result_90_reg_6036   |   1|   0|    1|          0|
    |p_Result_91_reg_6049   |   1|   0|    1|          0|
    |p_Result_92_reg_6056   |   1|   0|    1|          0|
    |p_Result_93_reg_6069   |   1|   0|    1|          0|
    |p_Result_94_reg_6076   |   1|   0|    1|          0|
    |p_Result_95_reg_6089   |   1|   0|    1|          0|
    |p_Result_96_reg_6096   |   1|   0|    1|          0|
    |p_Result_97_reg_6109   |   1|   0|    1|          0|
    |p_Result_98_reg_6116   |   1|   0|    1|          0|
    |p_Result_99_reg_6129   |   1|   0|    1|          0|
    |p_Val2_67_reg_6043     |  32|   0|   32|          0|
    |p_Val2_71_reg_6063     |  32|   0|   32|          0|
    |p_Val2_75_reg_6083     |  32|   0|   32|          0|
    |p_Val2_79_reg_6103     |  32|   0|   32|          0|
    |p_Val2_83_reg_6123     |  32|   0|   32|          0|
    |p_Val2_87_reg_6143     |  32|   0|   32|          0|
    |p_Val2_91_reg_6163     |  32|   0|   32|          0|
    |p_Val2_95_reg_6183     |  32|   0|   32|          0|
    +-----------------------+----+----+-----+-----------+
    |Total                  | 305|   0|  305|          0|
    +-----------------------+----+----+-----+-----------+



================================================================
== Interface
================================================================
* Summary: 
+-----------+-----+-----+------------+-------------------+--------------+
| RTL Ports | Dir | Bits|  Protocol  |   Source Object   |    C Type    |
+-----------+-----+-----+------------+-------------------+--------------+
|ap_clk     |  in |    1| ap_ctrl_hs | compute_engine_16 | return value |
|ap_rst     |  in |    1| ap_ctrl_hs | compute_engine_16 | return value |
|ap_return  | out |   32| ap_ctrl_hs | compute_engine_16 | return value |
|ap_ce      |  in |    1| ap_ctrl_hs | compute_engine_16 | return value |
|w0_V       |  in |   32|   ap_none  |        w0_V       |    scalar    |
|b0_V       |  in |   16|   ap_none  |        b0_V       |    scalar    |
|w1_V       |  in |   32|   ap_none  |        w1_V       |    scalar    |
|b1_V       |  in |   16|   ap_none  |        b1_V       |    scalar    |
|w2_V       |  in |   32|   ap_none  |        w2_V       |    scalar    |
|b2_V       |  in |   16|   ap_none  |        b2_V       |    scalar    |
|w3_V       |  in |   32|   ap_none  |        w3_V       |    scalar    |
|b3_V       |  in |   16|   ap_none  |        b3_V       |    scalar    |
|w4_V       |  in |   32|   ap_none  |        w4_V       |    scalar    |
|b4_V       |  in |   16|   ap_none  |        b4_V       |    scalar    |
|w5_V       |  in |   32|   ap_none  |        w5_V       |    scalar    |
|b5_V       |  in |   16|   ap_none  |        b5_V       |    scalar    |
|w6_V       |  in |   32|   ap_none  |        w6_V       |    scalar    |
|b6_V       |  in |   16|   ap_none  |        b6_V       |    scalar    |
|w7_V       |  in |   32|   ap_none  |        w7_V       |    scalar    |
|b7_V       |  in |   16|   ap_none  |        b7_V       |    scalar    |
|w8_V       |  in |   32|   ap_none  |        w8_V       |    scalar    |
|b8_V       |  in |   16|   ap_none  |        b8_V       |    scalar    |
|w9_V       |  in |   32|   ap_none  |        w9_V       |    scalar    |
|b9_V       |  in |   16|   ap_none  |        b9_V       |    scalar    |
|w10_V      |  in |   32|   ap_none  |       w10_V       |    scalar    |
|b10_V      |  in |   16|   ap_none  |       b10_V       |    scalar    |
|w11_V      |  in |   32|   ap_none  |       w11_V       |    scalar    |
|b11_V      |  in |   16|   ap_none  |       b11_V       |    scalar    |
|w12_V      |  in |   32|   ap_none  |       w12_V       |    scalar    |
|b12_V      |  in |   16|   ap_none  |       b12_V       |    scalar    |
|w13_V      |  in |   32|   ap_none  |       w13_V       |    scalar    |
|b13_V      |  in |   16|   ap_none  |       b13_V       |    scalar    |
|w14_V      |  in |   32|   ap_none  |       w14_V       |    scalar    |
|b14_V      |  in |   16|   ap_none  |       b14_V       |    scalar    |
|w15_V      |  in |   32|   ap_none  |       w15_V       |    scalar    |
|b15_V      |  in |   16|   ap_none  |       b15_V       |    scalar    |
+-----------+-----+-----+------------+-------------------+--------------+

